
{"time":"2025-04-21T06:58:32.8124423+04:00","level":"INFO","msg":"Сервер запущен","port":":9999"}
{"time":"2025-04-21T06:58:36.3471801+04:00","level":"INFO","msg":"Начало завершения работы"}
{"time":"2025-04-21T06:58:36.3482027+04:00","level":"INFO","msg":"Работа сервера прекращена корректно"}
{"time":"2025-04-23T10:14:59.9834321+04:00","level":"INFO","msg":"Сервер запущен","port":":9999"}
{"time":"2025-04-23T10:15:10.0998107+04:00","level":"INFO","msg":"Начало завершения работы"}
{"time":"2025-04-23T10:15:10.1003288+04:00","level":"INFO","msg":"Работа сервера прекращена корректно"}
{"time":"2025-04-23T23:27:32.64291+04:00","level":"INFO","msg":"Сервер запущен","port":":9999"}
{"time":"2025-04-23T23:28:07.194108+04:00","level":"INFO","msg":"Входящий запрос","Method":"POST","Path":"/create","Time":0}
{"time":"2025-04-23T23:33:39.6989176+04:00","level":"INFO","msg":"Входящий запрос","Method":"POST","Path":"/create","Time":31149800}
{"time":"2025-04-23T23:42:15.2735536+04:00","level":"INFO","msg":"Начало завершения работы"}
{"time":"2025-04-23T23:42:15.274071+04:00","level":"INFO","msg":"Работа сервера прекращена корректно"}
{"time":"2025-04-24T21:27:29.3984257+04:00","level":"INFO","msg":"Сервер запущен","port":":9999"}
{"time":"2025-04-24T21:27:43.8939497+04:00","level":"INFO","msg":"Ошибка при создании задачи: pq: отношение \"tasks\" не существует"}
{"time":"2025-04-24T21:27:43.8939497+04:00","level":"INFO","msg":"Входящий запрос","Method":"POST","Path":"/create","Time":23653200}
{"time":"2025-04-24T21:28:22.036895+04:00","level":"INFO","msg":"Ошибка при создании задачи: pq: отношение \"tasks\" не существует"}
{"time":"2025-04-24T21:28:22.0369491+04:00","level":"INFO","msg":"Входящий запрос","Method":"POST","Path":"/create","Time":577600}
{"time":"2025-04-24T21:31:38.1364433+04:00","level":"INFO","msg":"Входящий запрос","Method":"POST","Path":"/","Time":0}
{"time":"2025-04-24T21:32:00.5723764+04:00","level":"INFO","msg":"Ошибка при создании задачи: pq: отношение \"tasks\" не существует"}
{"time":"2025-04-24T21:32:00.5723764+04:00","level":"INFO","msg":"Входящий запрос","Method":"POST","Path":"/create","Time":707000}
{"time":"2025-04-24T21:32:05.6556389+04:00","level":"INFO","msg":"Начало завершения работы"}
{"time":"2025-04-24T21:32:05.6565916+04:00","level":"INFO","msg":"Работа сервера прекращена корректно"}
{"time":"2025-04-25T02:05:58.1211393+04:00","level":"INFO","msg":"Сервер запущен","port":":9999"}
{"time":"2025-04-25T02:06:01.959928+04:00","level":"INFO","msg":"Начало завершения работы"}
{"time":"2025-04-25T02:06:01.964189+04:00","level":"INFO","msg":"Работа сервера прекращена корректно"}
{"time":"2025-04-25T02:35:23.8164414+04:00","level":"INFO","msg":"Сервер запущен","port":":9999"}
{"time":"2025-04-25T02:35:40.4404885+04:00","level":"INFO","msg":"Входящий запрос","Method":"POST","Path":"/create","Time":10885100}
{"time":"2025-04-25T02:39:59.6980984+04:00","level":"INFO","msg":"Начало завершения работы"}
{"time":"2025-04-25T02:39:59.6990662+04:00","level":"INFO","msg":"Работа сервера прекращена корректно"}
{"time":"2025-04-26T05:58:26.259027+04:00","level":"INFO","msg":"Сервер запущен","port":":9999"}
{"time":"2025-04-26T06:01:10.1280433+04:00","level":"INFO","msg":"Входящий запрос","Method":"GET","Path":"/list","Time":27349200}
{"time":"2025-04-26T06:02:07.4690625+04:00","level":"INFO","msg":"Начало завершения работы"}
{"time":"2025-04-26T06:02:07.4695775+04:00","level":"INFO","msg":"Работа сервера прекращена корректно"}
{"time":"2025-04-27T03:25:12.0402315+04:00","level":"INFO","msg":"Сервер запущен","port":":9999"}
{"time":"2025-04-27T03:26:33.6878784+04:00","level":"INFO","msg":"Входящий запрос","Method":"DELETE","Path":"/delete","Time":0}
{"time":"2025-04-27T03:28:57.8695622+04:00","level":"INFO","msg":"Входящий запрос","Method":"DELETE","Path":"/delete","Time":39746100}
{"time":"2025-04-27T03:29:19.1223056+04:00","level":"INFO","msg":"Входящий запрос","Method":"GET","Path":"/list","Time":2889600}
{"time":"2025-04-27T03:30:03.7596313+04:00","level":"INFO","msg":"Начало завершения работы"}
{"time":"2025-04-27T03:30:03.7607235+04:00","level":"INFO","msg":"Работа сервера прекращена корректно"}
{"time":"2025-04-27T22:28:38.8950297+04:00","level":"INFO","msg":"Сервер запущен","port":":9999"}
{"time":"2025-04-27T22:28:57.339677+04:00","level":"INFO","msg":"Входящий запрос","Method":"POST","Path":"/create","Time":30445800}
{"time":"2025-04-27T22:29:22.6572101+04:00","level":"INFO","msg":"Входящий запрос","Method":"GET","Path":"/list","Time":5299600}
{"time":"2025-04-27T22:30:53.3171691+04:00","level":"INFO","msg":"Входящий запрос","Method":"GET","Path":"/done","Time":0}
{"time":"2025-04-27T22:31:01.4297824+04:00","level":"ERROR","msg":"Неверное тело запроса","err":"json: cannot unmarshal string into Go struct field PutTaskRequest.status of type bool"}
{"time":"2025-04-27T22:31:01.4364425+04:00","level":"INFO","msg":"http: superfluous response.WriteHeader call from main.main.PutTaskHandler.func6 (put.go:30)"}
{"time":"2025-04-27T22:31:01.4364425+04:00","level":"INFO","msg":"Входящий запрос","Method":"PUT","Path":"/done","Time":6660100}
{"time":"2025-04-27T22:31:14.7381658+04:00","level":"INFO","msg":"Входящий запрос","Method":"PUT","Path":"/done","Time":2522600}
{"time":"2025-04-27T22:35:00.717902+04:00","level":"INFO","msg":"Начало завершения работы"}
{"time":"2025-04-27T22:35:00.7184208+04:00","level":"INFO","msg":"Работа сервера прекращена корректно"}
{"time":"2025-04-29T01:10:52.4917974+04:00","level":"INFO","msg":"Сервер запущен","port":":9999"}
{"time":"2025-04-29T01:12:46.5895991+04:00","level":"ERROR","msg":"Не удалось изменить задачу","err":"задача с ID 1 не найдена"}
{"time":"2025-04-29T01:12:46.5895991+04:00","level":"INFO","msg":"Входящий запрос","Method":"PUT","Path":"/done","Time":54055000}
{"time":"2025-04-29T01:13:21.4393586+04:00","level":"INFO","msg":"Входящий запрос","Method":"PUT","Path":"/done","Time":2959300}
{"time":"2025-04-29T01:13:39.5702182+04:00","level":"INFO","msg":"Начало завершения работы"}
{"time":"2025-04-29T01:13:39.5716042+04:00","level":"INFO","msg":"Работа сервера прекращена корректно"}
{"time":"2025-05-01T05:57:49.9900044+04:00","level":"INFO","msg":"Сервер запущен","port":":9999"}
{"time":"2025-05-01T05:58:17.4195462+04:00","level":"INFO","msg":"Начало завершения работы"}
{"time":"2025-05-01T05:58:17.4207319+04:00","level":"INFO","msg":"Работа сервера прекращена корректно"}
{"time":"2025-05-01T07:05:18.3979599+04:00","level":"INFO","msg":"Сервер запущен","port":":9999"}
{"time":"2025-05-01T07:05:20.3678465+04:00","level":"INFO","msg":"Начало завершения работы"}
{"time":"2025-05-01T07:05:20.3683606+04:00","level":"INFO","msg":"Работа сервера прекращена корректно"}
{"time":"2025-05-04T21:08:44.0359864+04:00","level":"INFO","msg":"Сервер запущен","port":":9999"}
{"time":"2025-05-04T21:09:24.6496636+04:00","level":"INFO","msg":"Входящий запрос","Method":"GET","Path":"/list","Time":47652400}
{"time":"2025-05-04T21:10:27.9809016+04:00","level":"INFO","msg":"Входящий запрос","Method":"DELETE","Path":"/done","Time":0}
{"time":"2025-05-04T21:11:03.5193151+04:00","level":"INFO","msg":"Входящий запрос","Method":"DELETE","Path":"//delete","Time":0}
{"time":"2025-05-04T21:11:37.9625149+04:00","level":"INFO","msg":"Входящий запрос","Method":"GET","Path":"/list","Time":555200}
{"time":"2025-05-04T21:11:56.7967699+04:00","level":"INFO","msg":"Входящий запрос","Method":"DELETE","Path":"/delete","Time":23499300}
{"time":"2025-05-04T21:12:17.6433088+04:00","level":"INFO","msg":"Входящий запрос","Method":"GET","Path":"/list","Time":0}
{"time":"2025-05-04T21:12:28.0978124+04:00","level":"INFO","msg":"Начало завершения работы"}
{"time":"2025-05-04T21:12:28.0998785+04:00","level":"INFO","msg":"Работа сервера прекращена корректно"}
{"time":"2025-05-10T11:14:41.238608+04:00","level":"ERROR","msg":"Ошибка инициализации данных","err":"Не удалось проверить соединение:dial tcp: lookup db: no such host"}
{"time":"2025-05-10T11:15:27.3910776+04:00","level":"ERROR","msg":"Ошибка инициализации данных","err":"Не удалось проверить соединение:dial tcp: lookup db: no such host"}
{"time":"2025-05-10T11:42:17.7354392+04:00","level":"ERROR","msg":"Ошибка инициализации данных","err":"Не удалось проверить соединение:pq: \ufffd\ufffd\ufffd\ufffd\ufffd\ufffd\ufffd\ufffd\ufffd\ufffd\ufffd\ufffd \"todo_user\" \ufffd\ufffd \ufffd\ufffd\ufffd\ufffd\ufffd\ufffd \ufffd\ufffd\ufffd\ufffd\ufffd\ufffd\ufffd\ufffd \ufffd\ufffd\ufffd\ufffd\ufffd\ufffd\ufffd\ufffd\ufffd\ufffd\ufffd (\ufffd\ufffd \ufffd\ufffd\ufffd\ufffd\ufffd\ufffd)"}
{"time":"2025-05-10T11:48:26.1676088+04:00","level":"ERROR","msg":"Ошибка инициализации данных","err":"Не удалось проверить соединение:pq: \ufffd\ufffd\ufffd\ufffd\ufffd\ufffd\ufffd\ufffd\ufffd\ufffd\ufffd\ufffd \"todo_user\" \ufffd\ufffd \ufffd\ufffd\ufffd\ufffd\ufffd\ufffd \ufffd\ufffd\ufffd\ufffd\ufffd\ufffd\ufffd\ufffd \ufffd\ufffd\ufffd\ufffd\ufffd\ufffd\ufffd\ufffd\ufffd\ufffd\ufffd (\ufffd\ufffd \ufffd\ufffd\ufffd\ufffd\ufffd\ufffd)"}
{"time":"2025-05-10T11:54:58.5423135+04:00","level":"ERROR","msg":"Ошибка инициализации данных","err":"Не удалось проверить соединение:pq: \ufffd\ufffd\ufffd\ufffd\ufffd\ufffd\ufffd\ufffd\ufffd\ufffd\ufffd\ufffd \"admin\" \ufffd\ufffd \ufffd\ufffd\ufffd\ufffd\ufffd\ufffd \ufffd\ufffd\ufffd\ufffd\ufffd\ufffd\ufffd\ufffd \ufffd\ufffd\ufffd\ufffd\ufffd\ufffd\ufffd\ufffd\ufffd\ufffd\ufffd (\ufffd\ufffd \ufffd\ufffd\ufffd\ufffd\ufffd\ufffd)"}
{"time":"2025-05-10T11:56:55.9908785+04:00","level":"INFO","msg":"Сервер запущен","port":":9999"}
{"time":"2025-05-10T11:59:03.6740444+04:00","level":"INFO","msg":"Начало завершения работы"}
{"time":"2025-05-10T11:59:03.6740444+04:00","level":"INFO","msg":"Работа сервера прекращена корректно"}
{"time":"2025-05-10T12:32:04.9820487+04:00","level":"INFO","msg":"Сервер запущен","port":":9999"}
{"time":"2025-05-10T12:32:06.9753165+04:00","level":"INFO","msg":"Начало завершения работы"}
{"time":"2025-05-10T12:32:06.9828765+04:00","level":"INFO","msg":"Работа сервера прекращена корректно"}
{"time":"2025-05-10T12:36:30.17021958+04:00","level":"ERROR","msg":"Ошибка инициализации данных","err":"Не удалось проверить соединение:dial tcp 127.0.0.1:5432: connect: connection refused"}
{"time":"2025-05-10T12:44:52.6732558+04:00","level":"INFO","msg":"Сервер запущен","port":":9999"}
{"time":"2025-05-10T12:54:28.9287726+04:00","level":"INFO","msg":"Начало завершения работы"}
{"time":"2025-05-10T12:54:28.9287726+04:00","level":"INFO","msg":"Работа сервера прекращена корректно"}
{"time":"2025-05-10T12:57:01.3304824+04:00","level":"INFO","msg":"Сервер запущен","port":":9999"}
{"time":"2025-05-10T12:57:06.8253751+04:00","level":"INFO","msg":"Начало завершения работы"}
{"time":"2025-05-10T12:57:06.8265868+04:00","level":"INFO","msg":"Работа сервера прекращена корректно"}
{"time":"2025-05-10T17:37:12.9151421+04:00","level":"INFO","msg":"Сервер запущен","port":":9999"}
{"time":"2025-05-10T17:38:38.2496889+04:00","level":"INFO","msg":"Начало завершения работы"}
{"time":"2025-05-10T17:38:38.2502059+04:00","level":"INFO","msg":"Работа сервера прекращена корректно"}
{"time":"2025-05-10T18:16:23.4726051+04:00","level":"INFO","msg":"Сервер запущен","port":":9999"}
{"time":"2025-05-10T18:16:25.5417494+04:00","level":"INFO","msg":"Начало завершения работы"}
{"time":"2025-05-10T18:16:25.5424117+04:00","level":"INFO","msg":"Работа сервера прекращена корректно"}
{"time":"2025-05-11T11:36:47.3460915+04:00","level":"ERROR","msg":"Ошибка инициализации данных","err":"Не удалось проверить соединение:dial tcp: lookup db: no such host"}
{"time":"2025-05-11T11:46:15.8053671+04:00","level":"INFO","msg":"Сервер запущен","port":":9999"}
{"time":"2025-05-11T11:46:23.4206908+04:00","level":"INFO","msg":"Начало завершения работы"}
{"time":"2025-05-11T11:46:23.4212046+04:00","level":"INFO","msg":"Работа сервера прекращена корректно"}
{"time":"2025-05-11T11:51:28.342172718+04:00","level":"ERROR","msg":"Ошибка инициализации данных","err":"Не удалось проверить соединение:dial tcp 127.0.0.1:5432: connect: connection refused"}
{"time":"2025-05-14T23:20:50.601824874+04:00","level":"ERROR","msg":"Ошибка создании миграции","err":"failed to open source, \"file:///mnt/c/Users/khrus/GolandProjects/To-Do/internal/migrations\": source driver: unknown driver 'file' (forgotten import?)"}
{"time":"2025-05-14T23:20:50.602549526+04:00","level":"ERROR","msg":"Ошибка запуска миграций ","err":"ошибка инициализации мигратора: failed to open source, \"file:///mnt/c/Users/khrus/GolandProjects/To-Do/internal/migrations\": source driver: unknown driver 'file' (forgotten import?)"}
{"time":"2025-05-14T23:20:50.602763542+04:00","level":"INFO","msg":"ошибка инициализации мигратора: failed to open source, \"file:///mnt/c/Users/khrus/GolandProjects/To-Do/internal/migrations\": source driver: unknown driver 'file' (forgotten import?)"}
{"time":"2025-05-14T23:24:49.122101637+04:00","level":"ERROR","msg":"Ошибка создании миграции","err":"failed to open source, \"file:///mnt/c/Users/khrus/GolandProjects/To-Do/internal/migrations\": source driver: unknown driver 'file' (forgotten import?)"}
{"time":"2025-05-14T23:24:49.12256514+04:00","level":"ERROR","msg":"Ошибка запуска миграций ","err":"ошибка инициализации мигратора: failed to open source, \"file:///mnt/c/Users/khrus/GolandProjects/To-Do/internal/migrations\": source driver: unknown driver 'file' (forgotten import?)"}
{"time":"2025-05-14T23:24:49.122812999+04:00","level":"INFO","msg":"ошибка инициализации мигратора: failed to open source, \"file:///mnt/c/Users/khrus/GolandProjects/To-Do/internal/migrations\": source driver: unknown driver 'file' (forgotten import?)"}
{"time":"2025-05-14T23:27:22.899055954+04:00","level":"ERROR","msg":"Ошибка создании миграции","err":"failed to open source, \"file:///mnt/c/Users/khrus/GolandProjects/To-Do/internal/migrations\": source driver: unknown driver 'file' (forgotten import?)"}
{"time":"2025-05-14T23:27:22.899617338+04:00","level":"ERROR","msg":"Ошибка запуска миграций ","err":"ошибка инициализации мигратора: failed to open source, \"file:///mnt/c/Users/khrus/GolandProjects/To-Do/internal/migrations\": source driver: unknown driver 'file' (forgotten import?)"}
{"time":"2025-05-14T23:27:22.899919034+04:00","level":"INFO","msg":"ошибка инициализации мигратора: failed to open source, \"file:///mnt/c/Users/khrus/GolandProjects/To-Do/internal/migrations\": source driver: unknown driver 'file' (forgotten import?)"}
{"time":"2025-05-14T23:29:14.699407873+04:00","level":"ERROR","msg":"Ошибка создании миграции","err":"failed to open database: dial tcp 127.0.0.1:5432: connect: connection refused"}
{"time":"2025-05-14T23:29:14.699846986+04:00","level":"ERROR","msg":"Ошибка запуска миграций ","err":"ошибка инициализации мигратора: failed to open database: dial tcp 127.0.0.1:5432: connect: connection refused"}
{"time":"2025-05-14T23:29:14.700072531+04:00","level":"INFO","msg":"ошибка инициализации мигратора: failed to open database: dial tcp 127.0.0.1:5432: connect: connection refused"}
{"time":"2025-05-14T23:33:11.321609703+04:00","level":"ERROR","msg":"Ошибка инициализации данных","err":"Не удалось проверить соединение:dial tcp 127.0.0.1:5432: connect: connection refused"}
{"time":"2025-05-14T23:44:07.03713204+04:00","level":"ERROR","msg":"Ошибка инициализации данных","err":"Не удалось проверить соединение:dial tcp 127.0.0.1:5432: connect: connection refused"}
{"time":"2025-05-14T23:44:58.1162789+04:00","level":"ERROR","msg":"Ошибка применения миграций","err":"migration failed: ошибка синтаксиса (примерное положение: \")\") in line 0: create table if not exists tasks(\r\nid serial primary key,\r\ntitle text not null,\r\ncontent text,\r\nstatus boolean default false,\r\ncreated_at timestamp default current_timestamp,\r\n); (details: pq: ошибка синтаксиса (примерное положение: \")\"))"}
{"time":"2025-05-14T23:44:58.199115+04:00","level":"ERROR","msg":"Ошибка запуска миграций ","err":"migration failed: ошибка синтаксиса (примерное положение: \")\") in line 0: create table if not exists tasks(\r\nid serial primary key,\r\ntitle text not null,\r\ncontent text,\r\nstatus boolean default false,\r\ncreated_at timestamp default current_timestamp,\r\n); (details: pq: ошибка синтаксиса (примерное положение: \")\"))"}
{"time":"2025-05-14T23:44:58.2001175+04:00","level":"INFO","msg":"migration failed: ошибка синтаксиса (примерное положение: \")\") in line 0: create table if not exists tasks(\r\nid serial primary key,\r\ntitle text not null,\r\ncontent text,\r\nstatus boolean default false,\r\ncreated_at timestamp default current_timestamp,\r\n); (details: pq: ошибка синтаксиса (примерное положение: \")\"))"}
{"time":"2025-05-14T23:55:17.428136559+04:00","level":"ERROR","msg":"Ошибка инициализации данных","err":"Не удалось проверить соединение:dial tcp 127.0.0.1:5432: connect: connection refused"}
{"time":"2025-05-14T23:55:45.575098+04:00","level":"ERROR","msg":"Ошибка применения миграций","err":"Dirty database version 1. Fix and force version."}
{"time":"2025-05-14T23:55:45.6118422+04:00","level":"ERROR","msg":"Ошибка запуска миграций ","err":"Dirty database version 1. Fix and force version."}
{"time":"2025-05-14T23:55:45.6118422+04:00","level":"INFO","msg":"Dirty database version 1. Fix and force version."}
{"time":"2025-05-15T00:04:49.737198953+04:00","level":"ERROR","msg":"Ошибка инициализации данных","err":"Не удалось проверить соединение:dial tcp 127.0.0.1:5432: connect: connection refused"}
{"time":"2025-05-15T00:26:44.6503617+04:00","level":"ERROR","msg":"Ошибка применения миграций","err":"Dirty database version 1. Fix and force version."}
{"time":"2025-05-15T00:26:44.6968672+04:00","level":"ERROR","msg":"Ошибка запуска миграций ","err":"Dirty database version 1. Fix and force version."}
{"time":"2025-05-15T00:26:44.6968672+04:00","level":"INFO","msg":"Dirty database version 1. Fix and force version."}
{"time":"2025-05-15T00:28:33.3256031+04:00","level":"ERROR","msg":"Ошибка применения миграций","err":"Dirty database version 1. Fix and force version."}
{"time":"2025-05-15T00:28:33.3646434+04:00","level":"ERROR","msg":"Ошибка запуска миграций ","err":"Dirty database version 1. Fix and force version."}
{"time":"2025-05-15T00:28:33.3646434+04:00","level":"INFO","msg":"Dirty database version 1. Fix and force version."}
{"time":"2025-05-15T16:28:42.299295204+04:00","level":"ERROR","msg":"Ошибка инициализации данных","err":"Не удалось проверить соединение:dial tcp 127.0.0.1:5432: connect: connection refused"}
{"time":"2025-05-15T16:45:19.369974413+04:00","level":"ERROR","msg":"Ошибка инициализации данных","err":"Не удалось проверить соединение:pq: password authentication failed for user \"postgres\""}
{"time":"2025-05-15T16:47:45.91440715+04:00","level":"ERROR","msg":"Ошибка инициализации данных","err":"Не удалось проверить соединение:pq: password authentication failed for user \"postgres\""}
{"time":"2025-05-15T16:49:46.799078111+04:00","level":"INFO","msg":" Миграции успешно применены!"}
{"time":"2025-05-15T16:49:46.800276494+04:00","level":"INFO","msg":"Сервер запущен","port":":9999"}
{"time":"2025-05-20T20:51:24.3755931+04:00","level":"ERROR","msg":"Ошибка инициализации данных","err":"Не удалось проверить соединение:pq: \ufffd\ufffd\ufffd\ufffd\ufffd\ufffd\ufffd\ufffd\ufffd\ufffd\ufffd\ufffd \"postgres\" \ufffd\ufffd \ufffd\ufffd\ufffd\ufffd\ufffd\ufffd \ufffd\ufffd\ufffd\ufffd\ufffd\ufffd\ufffd\ufffd \ufffd\ufffd\ufffd\ufffd\ufffd\ufffd\ufffd\ufffd\ufffd\ufffd\ufffd (\ufffd\ufffd \ufffd\ufffd\ufffd\ufffd\ufffd\ufffd)"}
